<?xml version="1.0" encoding="UTF-8"?>
<!-- Generated by org.testng.reporters.JUnitXMLReporter -->
<testsuite ignored="0" hostname="DESKTOP-CTLCA6J" failures="1" tests="1" name="Default test" time="9.555" errors="0" timestamp="2025-01-09T00:03:50 IST">
  <testcase classname="io.cucumber.testng.AbstractTestNGCucumberTests" name="runScenario" time="7.115">
    <failure type="java.lang.AssertionError" message="United Kingd: Not present in the contry dropdown">
      <![CDATA[java.lang.AssertionError: United Kingd: Not present in the contry dropdown
at org.testng.Assert.fail(Assert.java:99)
at cucumber_stepDefinition.dropdown.validateDropdownOptions(dropdown.java:35)
at ✽.the validates all the elemets present inside dropdown(file:///E:/D%20drive/Saama/selenium/src/test/resources/features/ValidateDropdownElements_DataTable.feature:6)
]]>
    </failure>
  </testcase> <!-- runScenario -->
</testsuite> <!-- Default test -->
