<?xml version="1.0" encoding="UTF-8"?>
<!-- Generated by org.testng.reporters.JUnitXMLReporter -->
<testsuite ignored="5" hostname="DESKTOP-CTLCA6J" failures="0" tests="3" name="groupingTest" time="0.095" errors="0" timestamp="2024-09-04T20:57:49 IST">
  <testcase classname="Gouping.logInSanitygroup" name="LoginByFB" time="0.018"/>
  <testcase classname="Gouping.logInSanitygroup" name="LoginByEmail" time="0.002"/>
  <testcase classname="Gouping.logInSanitygroup" name="LoginByTwitter" time="0.005"/>
  <testcase classname="Gouping.SignUPRegression" name="LoginByEmail" time="0.0">
    <ignored/>
  </testcase> <!-- LoginByEmail -->
  <testcase classname="Gouping.PaymentFunctional" name="paymentOnCOD" time="0.0">
    <ignored/>
  </testcase> <!-- paymentOnCOD -->
  <testcase classname="Gouping.SignUPRegression" name="LoginByTwitter" time="0.0">
    <ignored/>
  </testcase> <!-- LoginByTwitter -->
  <testcase classname="Gouping.PaymentFunctional" name="paymentByCard" time="0.0">
    <ignored/>
  </testcase> <!-- paymentByCard -->
  <testcase classname="Gouping.SignUPRegression" name="LoginByFB" time="0.0">
    <ignored/>
  </testcase> <!-- LoginByFB -->
</testsuite> <!-- groupingTest -->
