<?xml version="1.0" encoding="UTF-8"?>
<!-- Generated by org.testng.reporters.JUnitXMLReporter -->
<testsuite ignored="0" hostname="DESKTOP-CTLCA6J" failures="1" tests="3" name="Test" time="5.043" errors="0" timestamp="2024-08-26T19:53:45 IST">
  <testcase classname="Listeners.listener" name="url" time="2.589"/>
  <testcase classname="Listeners.listener" name="LoginPage" time="0.002">
    <failure type="java.lang.AssertionError" message="null">
      <![CDATA[java.lang.AssertionError: null
at Listeners.listener.LoginPage(listener.java:30)
at java.base/java.util.ArrayList.forEach(ArrayList.java:1596)
... Removed 27 stack frames]]>
    </failure>
  </testcase> <!-- LoginPage -->
  <testcase classname="Listeners.listener" name="Logo" time="0.0">
    <skipped/>
  </testcase> <!-- Logo -->
</testsuite> <!-- Test -->
