<?xml version="1.0" encoding="UTF-8"?>
<testng-results ignored="0" total="1" passed="1" failed="0" skipped="0">
  <reporter-output>
  </reporter-output>
  <suite started-at="2025-01-05T20:35:12 IST" name="cucumberSuite" finished-at="2025-01-05T20:35:22 IST" duration-ms="9694">
    <groups>
      <group name="cucumber">
        <method signature="AbstractTestNGCucumberTests.runScenario(io.cucumber.testng.PickleWrapper,io.cucumber.testng.FeatureWrapper)[pri:0, instance:cucumber_Runner.Runner@56303b57]" name="runScenario" class="io.cucumber.testng.AbstractTestNGCucumberTests"/>
      </group> <!-- cucumber -->
    </groups>
    <test started-at="2025-01-05T20:35:12 IST" name="Chrome" finished-at="2025-01-05T20:35:22 IST" duration-ms="9694">
      <class name="cucumber_Runner.Runner">
        <test-method is-config="true" signature="setUpClass(org.testng.ITestContext)[pri:0, instance:cucumber_Runner.Runner@56303b57]" started-at="2025-01-05T20:35:12 IST" name="setUpClass" finished-at="2025-01-05T20:35:13 IST" duration-ms="921" status="PASS">
          <params>
            <param index="0">
              <value>
                <![CDATA[org.testng.TestRunner@5a97b17c]]>
              </value>
            </param>
          </params>
          <reporter-output>
          </reporter-output>
        </test-method> <!-- setUpClass -->
        <test-method signature="runScenario(io.cucumber.testng.PickleWrapper,io.cucumber.testng.FeatureWrapper)[pri:0, instance:cucumber_Runner.Runner@56303b57]" started-at="2025-01-05T20:35:13 IST" name="runScenario" description="Runs Cucumber Scenarios" data-provider="scenarios" finished-at="2025-01-05T20:35:22 IST" duration-ms="8689" status="PASS">
          <params>
            <param index="0">
              <value>
                <![CDATA["Succesfull login using valid username and password"]]>
              </value>
            </param>
            <param index="1">
              <value>
                <![CDATA["Exercise"]]>
              </value>
            </param>
          </params>
          <reporter-output>
          </reporter-output>
        </test-method> <!-- runScenario -->
        <test-method is-config="true" signature="tearDownClass()[pri:0, instance:cucumber_Runner.Runner@56303b57]" started-at="2025-01-05T20:35:22 IST" name="tearDownClass" finished-at="2025-01-05T20:35:22 IST" duration-ms="29" status="PASS">
          <reporter-output>
          </reporter-output>
        </test-method> <!-- tearDownClass -->
      </class> <!-- cucumber_Runner.Runner -->
    </test> <!-- Chrome -->
  </suite> <!-- cucumberSuite -->
</testng-results>
