<?xml version="1.0" encoding="UTF-8"?>
<!-- Generated by org.testng.reporters.JUnitReportReporter -->
<testsuite hostname="DESKTOP-CTLCA6J" failures="0" tests="2" name="testNGAnnotations.Annotations" time="0.039" errors="0" timestamp="2024-08-25T21:33:46 IST" skipped="0">
  <testcase classname="testNGAnnotations.Annotations" name="Search" time="0.034"/>
  <system-out/>
  <testcase classname="testNGAnnotations.Annotations" name="advSearch" time="0.005"/>
  <system-out/>
</testsuite> <!-- testNGAnnotations.Annotations -->
