<?xml version="1.0" encoding="UTF-8"?>
<!-- Generated by org.testng.reporters.JUnitReportReporter -->
<testsuite hostname="DESKTOP-CTLCA6J" failures="0" tests="2" name="testNGAnnotations.classAnnotations" time="0.011" errors="0" timestamp="2024-08-25T21:41:00 IST" skipped="0">
  <testcase classname="testNGAnnotations.classAnnotations" name="Search" time="0.009"/>
  <system-out/>
  <testcase classname="testNGAnnotations.classAnnotations" name="AdvSearch" time="0.002"/>
  <system-out/>
</testsuite> <!-- testNGAnnotations.classAnnotations -->
