<?xml version="1.0" encoding="UTF-8"?>
<!-- Generated by org.testng.reporters.JUnitReportReporter -->
<testsuite hostname="DESKTOP-CTLCA6J" failures="0" tests="2" name="Gouping.PaymentFunctional" time="0.018" errors="0" timestamp="2024-08-26T12:54:07 IST" skipped="0">
  <testcase classname="Gouping.PaymentFunctional" name="paymentByCard" time="0.016"/>
  <system-out/>
  <testcase classname="Gouping.PaymentFunctional" name="paymentOnCOD" time="0.002"/>
  <system-out/>
</testsuite> <!-- Gouping.PaymentFunctional -->
