<?xml version="1.0" encoding="UTF-8"?>
<!-- Generated by org.testng.reporters.JUnitReportReporter -->
<testsuite hostname="DESKTOP-CTLCA6J" failures="0" tests="6" name="Parameterisation.parallelExecution" time="0.224" errors="0" timestamp="2024-08-26T18:39:53 IST" skipped="0">
  <testcase classname="Parameterisation.parallelExecution" name="title" time="0.015"/>
  <system-out/>
  <testcase classname="Parameterisation.parallelExecution" name="url" time="0.017"/>
  <system-out/>
  <testcase classname="Parameterisation.parallelExecution" name="url" time="0.028"/>
  <system-out/>
  <testcase classname="Parameterisation.parallelExecution" name="title" time="0.007"/>
  <system-out/>
  <testcase classname="Parameterisation.parallelExecution" name="title" time="0.150"/>
  <system-out/>
  <testcase classname="Parameterisation.parallelExecution" name="url" time="0.007"/>
  <system-out/>
</testsuite> <!-- Parameterisation.parallelExecution -->
