<?xml version="1.0" encoding="UTF-8"?>
<!-- Generated by org.testng.reporters.JUnitReportReporter -->
<testsuite hostname="DESKTOP-CTLCA6J" failures="0" tests="3" name="Gouping.SignUPRegression" time="0.019" errors="0" timestamp="2024-08-26T12:49:43 IST" skipped="0">
  <testcase classname="Gouping.SignUPRegression" name="LoginByFB" time="0.015"/>
  <system-out/>
  <testcase classname="Gouping.SignUPRegression" name="LoginByEmail" time="0.001"/>
  <system-out/>
  <testcase classname="Gouping.SignUPRegression" name="LoginByTwitter" time="0.003"/>
  <system-out/>
</testsuite> <!-- Gouping.SignUPRegression -->
