<?xml version="1.0" encoding="UTF-8"?>
<!-- Generated by org.testng.reporters.JUnitReportReporter -->
<testsuite hostname="DESKTOP-CTLCA6J" failures="0" tests="2" name="TestNG.TestMethodParameter" time="0.005" errors="0" timestamp="2024-08-25T13:13:09 IST" skipped="0">
  <testcase classname="TestNG.TestMethodParameter" name="Logout" time="0.002"/>
  <system-out/>
  <testcase classname="TestNG.TestMethodParameter" name="Login" time="0.003"/>
  <system-out/>
</testsuite> <!-- TestNG.TestMethodParameter -->
