<?xml version="1.0" encoding="UTF-8"?>
<!-- Generated by org.testng.reporters.JUnitReportReporter -->
<testsuite hostname="DESKTOP-CTLCA6J" failures="0" tests="3" name="Gouping.logInSanitygroup" time="0.025" errors="0" timestamp="2024-09-04T20:57:49 IST" skipped="0">
  <testcase classname="Gouping.logInSanitygroup" name="LoginByFB" time="0.018"/>
  <system-out/>
  <testcase classname="Gouping.logInSanitygroup" name="LoginByEmail" time="0.002"/>
  <system-out/>
  <testcase classname="Gouping.logInSanitygroup" name="LoginByTwitter" time="0.005"/>
  <system-out/>
</testsuite> <!-- Gouping.logInSanitygroup -->
