<?xml version="1.0" encoding="UTF-8"?>
<!-- Generated by org.testng.reporters.JUnitReportReporter -->
<testsuite hostname="DESKTOP-CTLCA6J" failures="0" tests="4" name="TestNG.OrangeHRM" time="6.720" errors="0" timestamp="2024-08-25T13:13:09 IST" skipped="0">
  <testcase classname="TestNG.OrangeHRM" name="OpenApp" time="4.327"/>
  <system-out/>
  <testcase classname="TestNG.OrangeHRM" name="testLogo" time="2.038"/>
  <system-out/>
  <testcase classname="TestNG.OrangeHRM" name="Login" time="0.176"/>
  <system-out/>
  <testcase classname="TestNG.OrangeHRM" name="tearDown" time="0.179"/>
  <system-out/>
</testsuite> <!-- TestNG.OrangeHRM -->
