<?xml version="1.0" encoding="UTF-8"?>
<!-- Generated by org.testng.reporters.JUnitReportReporter -->
<testsuite hostname="DESKTOP-CTLCA6J" failures="1" tests="1" name="cucumber_Runner.Runner" time="7.115" errors="0" timestamp="2025-01-09T00:03:50 IST" skipped="0">
  <testcase classname="cucumber_Runner.Runner" name="runScenario" time="7.115">
    <failure message="United Kingd: Not present in the contry dropdown" type="java.lang.AssertionError">
      <![CDATA[java.lang.AssertionError: United Kingd: Not present in the contry dropdown
at org.testng.Assert.fail(Assert.java:99)
at cucumber_stepDefinition.dropdown.validateDropdownOptions(dropdown.java:35)
at ✽.the validates all the elemets present inside dropdown(file:///E:/D%20drive/Saama/selenium/src/test/resources/features/ValidateDropdownElements_DataTable.feature:6)
]]>
    </failure>
  </testcase> <!-- runScenario -->
  <system-out/>
</testsuite> <!-- cucumber_Runner.Runner -->
