<?xml version="1.0" encoding="UTF-8"?>
<!-- Generated by org.testng.reporters.JUnitXMLReporter -->
<testsuite ignored="0" hostname="DESKTOP-CTLCA6J" failures="1" tests="3" name="test" time="6.011" errors="0" timestamp="2024-08-28T00:10:38 IST">
  <testcase classname="ExtentReport.listener" name="url" time="2.681"/>
  <testcase classname="ExtentReport.listener" name="LoginPage" time="0.002">
    <failure type="java.lang.AssertionError" message="null">
      <![CDATA[java.lang.AssertionError: null
at ExtentReport.listener.LoginPage(listener.java:33)
at java.base/java.util.ArrayList.forEach(ArrayList.java:1596)
... Removed 27 stack frames]]>
    </failure>
  </testcase> <!-- LoginPage -->
  <testcase classname="ExtentReport.listener" name="Logo" time="0.0">
    <skipped/>
  </testcase> <!-- Logo -->
</testsuite> <!-- test -->
